<?xml version="1.0" encoding="UTF-8"?>
<testng-results skipped="0" failed="0" ignored="0" total="4" passed="4">
  <reporter-output>
  </reporter-output>
  <suite name="Default suite" duration-ms="10358" started-at="2019-03-25T00:00:42Z" finished-at="2019-03-25T00:00:52Z">
    <groups>
    </groups>
    <test name="Default test" duration-ms="10358" started-at="2019-03-25T00:00:42Z" finished-at="2019-03-25T00:00:52Z">
      <class name="com.zoho.ZohoCRM.TC_003">
        <test-method status="PASS" signature="f(java.util.Hashtable)[pri:0, instance:com.zoho.ZohoCRM.TC_003@42d8062c]" name="f" duration-ms="24" started-at="2019-03-25T00:00:52Z" data-provider="getData" finished-at="2019-03-25T00:00:52Z">
          <params>
            <param index="0">
              <value>
                <![CDATA[{RunMode=y, col3=A3, col2=A2, col1=A1}]]>
              </value>
            </param>
          </params>
          <reporter-output>
          </reporter-output>
        </test-method> <!-- f -->
        <test-method status="PASS" signature="f(java.util.Hashtable)[pri:0, instance:com.zoho.ZohoCRM.TC_003@42d8062c]" name="f" duration-ms="3" started-at="2019-03-25T00:00:52Z" data-provider="getData" finished-at="2019-03-25T00:00:52Z">
          <params>
            <param index="0">
              <value>
                <![CDATA[{RunMode=n, col3=B3, col2=B2, col1=B1}]]>
              </value>
            </param>
          </params>
          <reporter-output>
          </reporter-output>
        </test-method> <!-- f -->
        <test-method status="PASS" signature="f(java.util.Hashtable)[pri:0, instance:com.zoho.ZohoCRM.TC_003@42d8062c]" name="f" duration-ms="7" started-at="2019-03-25T00:00:52Z" data-provider="getData" finished-at="2019-03-25T00:00:52Z">
          <params>
            <param index="0">
              <value>
                <![CDATA[{RunMode=y, col3=C3, col2=C2, col1=C1}]]>
              </value>
            </param>
          </params>
          <reporter-output>
          </reporter-output>
        </test-method> <!-- f -->
        <test-method status="PASS" signature="f(java.util.Hashtable)[pri:0, instance:com.zoho.ZohoCRM.TC_003@42d8062c]" name="f" duration-ms="1" started-at="2019-03-25T00:00:52Z" data-provider="getData" finished-at="2019-03-25T00:00:52Z">
          <params>
            <param index="0">
              <value>
                <![CDATA[{RunMode=n, col3=D3, col2=D2, col1=D1}]]>
              </value>
            </param>
          </params>
          <reporter-output>
          </reporter-output>
        </test-method> <!-- f -->
      </class> <!-- com.zoho.ZohoCRM.TC_003 -->
    </test> <!-- Default test -->
  </suite> <!-- Default suite -->
</testng-results>
