<?xml version="1.0" encoding="UTF-8"?>
<!-- Generated by org.testng.reporters.JUnitXMLReporter -->
<testsuite hostname="DESKTOP-KRLAL0I" ignored="0" name="Default test" tests="4" failures="0" timestamp="25 Mar 2019 00:00:52 GMT" time="10.358" errors="0">
  <testcase name="f" time="0.024" classname="com.zoho.ZohoCRM.TC_003"/>
  <testcase name="f" time="0.003" classname="com.zoho.ZohoCRM.TC_003"/>
  <testcase name="f" time="0.007" classname="com.zoho.ZohoCRM.TC_003"/>
  <testcase name="f" time="0.001" classname="com.zoho.ZohoCRM.TC_003"/>
</testsuite> <!-- Default test -->
